<?xml version="1.0" encoding="UTF-8"?>
<!-- Generated by org.testng.reporters.JUnitReportReporter -->
<testsuite hostname="LTIN263820" failures="0" tests="1" name="TestCase.GoogleLoginOrSignUpTest" time="5.612" errors="0" timestamp="2024-03-05T23:56:17 IST" skipped="0">
  <testcase classname="TestCase.GoogleLoginOrSignUpTest" name="verifyLoginPage" time="5.612"/>
</testsuite> <!-- TestCase.GoogleLoginOrSignUpTest -->
