<?xml version="1.0" encoding="UTF-8"?>
<!-- Generated by org.testng.reporters.JUnitReportReporter -->
<testsuite hostname="LTIN263820" failures="0" tests="1" name="TestCase.UpcomingBikeDetailsTestCase" time="21.591" errors="0" timestamp="2024-03-18T13:55:17 IST" skipped="0">
  <testcase classname="TestCase.UpcomingBikeDetailsTestCase" name="UpcomingBikes" time="21.591"/>
</testsuite> <!-- TestCase.UpcomingBikeDetailsTestCase -->
