<?xml version="1.0" encoding="UTF-8"?>
<!-- Generated by org.testng.reporters.JUnitReportReporter -->
<testsuite hostname="LTIN263820" failures="0" tests="2" name="TestCase.GoogleLoginTest" time="6.654" errors="0" timestamp="2024-03-02T16:26:11 IST" skipped="0">
  <testcase classname="TestCase.GoogleLoginTest" name="verifyLoginPage" time="3.794"/>
  <testcase classname="TestCase.GoogleLoginTest" name="verifyLoginPage" time="2.860"/>
</testsuite> <!-- TestCase.GoogleLoginTest -->
