<?xml version="1.0" encoding="UTF-8"?>
<!-- Generated by org.testng.reporters.JUnitReportReporter -->
<testsuite hostname="LTIN263820" failures="0" tests="2" name="TestCase.UpcomingBikeDetailsTestCase" time="22.049" errors="0" timestamp="2024-03-05T00:16:21 IST" skipped="0">
  <testcase classname="TestCase.UpcomingBikeDetailsTestCase" name="clickUpcomingBikes" time="16.687"/>
  <testcase classname="TestCase.UpcomingBikeDetailsTestCase" name="clickNewBikes" time="5.362"/>
</testsuite> <!-- TestCase.UpcomingBikeDetailsTestCase -->
