<?xml version="1.0" encoding="UTF-8"?>
<!-- Generated by org.testng.reporters.JUnitReportReporter -->
<testsuite hostname="LTIN263820" failures="0" tests="1" name="chill.just" time="16.253" errors="0" timestamp="2024-02-28T16:22:31 IST" skipped="0">
  <testcase classname="chill.just" name="zig" time="16.253"/>
</testsuite> <!-- chill.just -->
