<?xml version="1.0" encoding="UTF-8"?>
<!-- Generated by org.testng.reporters.JUnitReportReporter -->
<testsuite hostname="LTIN263820" failures="0" tests="1" name="TestCase.GoogleSignInTest" time="7.385" errors="0" timestamp="2024-03-05T00:16:21 IST" skipped="0">
  <testcase classname="TestCase.GoogleSignInTest" name="verifyLoginPage" time="7.385"/>
</testsuite> <!-- TestCase.GoogleSignInTest -->
