<?xml version="1.0" encoding="UTF-8"?>
<!-- Generated by org.testng.reporters.JUnitReportReporter -->
<testsuite hostname="LTIN263820" failures="0" tests="2" name="TestCase.GoogleSignUpTest" time="7.907" errors="0" timestamp="2024-03-02T16:02:14 IST" skipped="1">
  <testcase classname="TestCase.GoogleSignUpTest" name="verifyLoginPage" time="0.000">
    <skipped/>
  </testcase> <!-- verifyLoginPage -->
  <testcase classname="TestCase.GoogleSignUpTest" name="verifyLoginPage" time="7.907"/>
</testsuite> <!-- TestCase.GoogleSignUpTest -->
