<?xml version="1.0" encoding="UTF-8"?>
<!-- Generated by org.testng.reporters.JUnitReportReporter -->
<testsuite hostname="LTIN263820" failures="0" tests="1" name="TestCase.GoogleSignInTest" time="11.928" errors="0" timestamp="2024-03-18T13:59:45 IST" skipped="0">
  <testcase classname="TestCase.GoogleSignInTest" name="verifyLoginPage" time="11.928"/>
</testsuite> <!-- TestCase.GoogleSignInTest -->
