<?xml version="1.0" encoding="UTF-8"?>
<!-- Generated by org.testng.reporters.JUnitReportReporter -->
<testsuite hostname="LTIN263820" failures="0" tests="1" name="TestCase.GoogleSignInTest" time="8.672" errors="0" timestamp="2024-03-04T17:31:42 IST" skipped="0">
  <testcase classname="TestCase.GoogleSignInTest" name="verifyLoginPage" time="8.672"/>
</testsuite> <!-- TestCase.GoogleSignInTest -->
