<?xml version="1.0" encoding="UTF-8"?>
<!-- Generated by org.testng.reporters.JUnitReportReporter -->
<testsuite hostname="LTIN263820" failures="0" tests="1" name="TestCase.UsedcarDetailsTest" time="16.464" errors="0" timestamp="2024-03-18T13:59:45 IST" skipped="0">
  <testcase classname="TestCase.UsedcarDetailsTest" name="UsedCarDetails" time="16.464"/>
</testsuite> <!-- TestCase.UsedcarDetailsTest -->
